Last login: Thu Jul 24 20:45:49 on ttys055
hongohayato@hongousatsuhitononotobukkukonpyuta ~ % ssh -i ~/.ssh/id_ed25519 P02U006@10.255.255.101
Last login: Thu Jul 24 22:44:00 2025 from 100.113.255.11
(llm2025compet) [P02U006@osk-cpu01 ~]$ deactivate
[P02U006@osk-cpu01 ~]$ squeue
             JOBID PARTITION     NAME     USER ST       TIME  NODES NODELIST(REASON)
            288236       P02 vllm-Qwe  P02U001  R       4:26      2 osk-gpu[54,91]
            288041       P02     test  P02U019  R    1:41:27      1 osk-gpu56
            288026       P02     bash  P02U019  R    1:50:50      1 osk-gpu56
[P02U006@osk-cpu01 ~]$ ls
ColossalAI  llm2025compet  miniconda3
[P02U006@osk-cpu01 ~]$ cd ColossalAI/
[P02U006@osk-cpu01 ColossalAI]$ source "$HOME/miniconda3/etc/profile.d/conda.sh"
[P02U006@osk-cpu01 ColossalAI]$ conda activate deepseeksft310
(deepseeksft310) [P02U006@osk-cpu01 ColossalAI]$ export PYTHONPATH=~/ColossalAI:$PYTHONPATH
(deepseeksft310) [P02U006@osk-cpu01 ColossalAI]$  export PYTHONPATH=~/ColossalAI/applications/ColossalChat:$PYTHONPATH
(deepseeksft310) [P02U006@osk-cpu01 ColossalAI]$ import sys
print("=== sys.path の一覧 ===")
for p in sys.path:
    print(p)
EOF
=== sys.path の一覧 ===
-bash: import: command not found
-bash: syntax error near unexpected token `"=== sys.path の一覧 ==="'
-bash: syntax error near unexpected token `print'
-bash: EOF: command not found
-bash: ===: command not found
(deepseeksft310) [P02U006@osk-cpu01 ColossalAI]$ python - << 'EOF'
import sys
print("=== sys.path の一覧 ===")
for p in sys.path:
    print(p)
EOF
=== sys.path の一覧 ===

/home/Competition2025/P02/P02U006/ColossalAI/applications/ColossalChat
/home/Competition2025/P02/P02U006/ColossalAI
/home/Competition2025/P02/P02U006/miniconda3/envs/deepseeksft310/lib/python310.zip
/home/Competition2025/P02/P02U006/miniconda3/envs/deepseeksft310/lib/python3.10
/home/Competition2025/P02/P02U006/miniconda3/envs/deepseeksft310/lib/python3.10/lib-dynload
/home/Competition2025/P02/P02U006/miniconda3/envs/deepseeksft310/lib/python3.10/site-packages
(deepseeksft310) [P02U006@osk-cpu01 ColossalAI]$ pip freeze
absl-py==2.3.1
accelerate==1.9.0
aiohappyeyeballs==2.6.1
aiohttp==3.12.14
aiosignal==1.4.0
annotated-types==0.7.0
anyio==4.9.0
async-timeout==5.0.1
attrs==25.3.0
bcrypt==4.3.0
beautifulsoup4==4.13.4
bitsandbytes==0.46.1
certifi==2025.7.14
cffi==1.17.1
cfgv==3.4.0
charset-normalizer==3.4.2
click==8.2.1
colossalai==0.4.7
contexttimer==0.3.3
cryptography==45.0.5
datasets==2.18.0
decorator==5.2.1
Deprecated==1.2.18
diffusers==0.29.0
dill==0.3.8
distlib==0.4.0
einops==0.8.1
exceptiongroup==1.3.0
fabric==3.2.2
fastapi==0.116.1
filelock==3.13.1
frozenlist==1.7.0
fsspec==2024.2.0
galore-torch==1.0
google==3.0.0
grpcio==1.73.1
h11==0.16.0
hf-xet==1.1.5
huggingface-hub==0.33.4
identify==2.6.12
idna==3.10
importlib_metadata==8.7.0
invoke==2.2.0
Jinja2==3.1.4
jsonlines==4.0.0
jsonschema==4.25.0
jsonschema-specifications==2025.4.1
Markdown==3.8.2
markdown-it-py==3.0.0
MarkupSafe==2.1.5
mdurl==0.1.2
mpmath==1.3.0
msgpack==1.1.1
multidict==6.6.3
multiprocess==0.70.16
networkx==3.3
ninja==1.11.1.4
nodeenv==1.9.1
numpy==1.26.4
nvidia-cublas-cu12==12.4.2.65
nvidia-cuda-cupti-cu12==12.4.99
nvidia-cuda-nvrtc-cu12==12.4.99
nvidia-cuda-runtime-cu12==12.4.99
nvidia-cudnn-cu12==9.1.0.70
nvidia-cufft-cu12==11.2.0.44
nvidia-curand-cu12==10.3.5.119
nvidia-cusolver-cu12==11.6.0.99
nvidia-cusparse-cu12==12.3.0.142
nvidia-nccl-cu12==2.20.5
nvidia-nvjitlink-cu12==12.4.99
nvidia-nvtx-cu12==12.4.99
packaging==25.0
pandas==2.2.0
paramiko==3.5.1
peft==0.13.2
pillow==11.0.0
platformdirs==4.3.8
plumbum==1.9.0
pre_commit==4.2.0
prompt_toolkit==3.0.50
propcache==0.3.2
protobuf==6.31.1
psutil==7.0.0
pyarrow==21.0.0
pyarrow-hotfix==0.7
pycparser==2.22
pydantic==2.11.7
pydantic_core==2.33.2
Pygments==2.19.2
PyNaCl==1.5.0
python-dateutil==2.9.0.post0
pytz==2025.2
PyYAML==6.0.2
ray==2.48.0
++ date
+ echo '===== ジョブ開始: Fri Jul 25 12:49:06 PM JST 2025 ====='
++ pwd
+ echo 'cwd  = /home/Competition2025/P02/P02U006/ColossalAI'
++ hostname
+ echo 'host = osk-gpu54'
+ echo 'JOB  = 288270'
+ echo 'NODES= osk-gpu54'
+ source /home/Competition2025/P02/P02U006/miniconda3/etc/profile.d/conda.sh
++ export CONDA_EXE=/home/Competition2025/P02/P02U006/miniconda3/bin/conda
++ CONDA_EXE=/home/Competition2025/P02/P02U006/miniconda3/bin/conda
++ export _CE_M=
++ _CE_M=
++ export _CE_CONDA=
++ _CE_CONDA=
++ export CONDA_PYTHON_EXE=/home/Competition2025/P02/P02U006/miniconda3/bin/python
++ CONDA_PYTHON_EXE=/home/Competition2025/P02/P02U006/miniconda3/bin/python
++ '[' -z x ']'
+ conda activate deepseeksft310
+ local cmd=activate
+ local cmd=activate
    from ..base.context import context
  File "/home/Competition2025/P02/P02U006/miniconda3/lib/python3.13/site-packages/conda/base/context.py", line 45, in <module>
    from ..common.url import has_scheme, path_to_url, split_scheme_auth_token
  File "/home/Competition2025/P02/P02U006/miniconda3/lib/python3.13/site-packages/conda/common/url.py", line 9, in <module>
    import socket
  File "/home/Competition2025/P02/P02U006/miniconda3/lib/python3.13/socket.py", line 52, in <module>
    import _socket
ImportError: /home/Competition2025/P02/P02U006/miniconda3/lib/python3.13/lib-dynload/_socket.cpython-313-x86_64-linux-gnu.so: failed to map segment from shared object

During handling of the above exception, another exception occurred:

Traceback (most recent call last):
  File "/home/Competition2025/P02/P02U006/miniconda3/bin/conda", line 13, in <module>
    sys.exit(main())
             ~~~~^^
  File "/home/Competition2025/P02/P02U006/miniconda3/lib/python3.13/site-packages/conda/cli/main.py", line 105, in main
    return conda_exception_handler(main, *args, **kwargs)
  File "/home/Competition2025/P02/P02U006/miniconda3/lib/python3.13/site-packages/conda/exception_handler.py", line 410, in conda_exception_handler
    return_value = exception_handler(func, *args, **kwargs)
  File "/home/Competition2025/P02/P02U006/miniconda3/lib/python3.13/site-packages/conda/exception_handler.py", line 31, in __call__
    return self.handle_exception(exc_val, exc_tb)
           ~~~~~~~~~~~~~~~~~~~~~^^^^^^^^^^^^^^^^^
  File "/home/Competition2025/P02/P02U006/miniconda3/lib/python3.13/site-packages/conda/exception_handler.py", line 62, in handle_exception
    from .exceptions import (
    ...<3 lines>...
    )
  File "/home/Competition2025/P02/P02U006/miniconda3/lib/python3.13/site-packages/conda/exceptions.py", line 17, in <module>
    from requests.exceptions import JSONDecodeError
  File "/home/Competition2025/P02/P02U006/miniconda3/lib/python3.13/site-packages/requests/__init__.py", line 43, in <module>
    import urllib3
  File "/home/Competition2025/P02/P02U006/miniconda3/lib/python3.13/site-packages/urllib3/__init__.py", line 14, in <module>
    from . import exceptions
  File "/home/Competition2025/P02/P02U006/miniconda3/lib/python3.13/site-packages/urllib3/exceptions.py", line 3, in <module>
    import socket
  File "/home/Competition2025/P02/P02U006/miniconda3/lib/python3.13/socket.py", line 52, in <module>
    import _socket
ImportError: /home/Competition2025/P02/P02U006/miniconda3/lib/python3.13/lib-dynload/_socket.cpython-313-x86_64-linux-gnu.so: failed to map segment from shared object
+ ask_conda=
+ return
(END)
referencing==0.36.2
regex==2024.11.6
requests==2.32.4
rich==14.0.0
rpds-py==0.26.0
rpyc==6.0.0
safetensors==0.5.3
sentencepiece==0.2.0
six==1.17.0
sniffio==1.3.1
soupsieve==2.7
starlette==0.47.2
sympy==1.13.3
tensorboard==2.20.0
tensorboard-data-server==0.7.2
tokenizers==0.20.3
torch==2.4.1+cu124
torchaudio==2.4.1+cu124
torchvision==0.19.1+cu124
tqdm==4.67.1
transformers==4.46.3
triton==3.0.0
typing-inspection==0.4.1
typing_extensions==4.12.2
tzdata==2025.2
urllib3==2.5.0
uvicorn==0.29.0
virtualenv==20.32.0
wcwidth==0.2.13
Werkzeug==3.1.3
wrapt==1.17.2
xxhash==3.5.0
yarl==1.20.1
zipp==3.23.0
(deepseeksft310) [P02U006@osk-cpu01 ColossalAI]$ sbatch --nodelist=osk-gpu54 --gres=gpu:1 run_lora.sh
Submitted batch job 288270
(deepseeksft310) [P02U006@osk-cpu01 ColossalAI]$ squeue
             JOBID PARTITION     NAME     USER ST       TIME  NODES NODELIST(REASON)
            288240       P02 domain_a kan.hata PD       0:00      1 (Resources)
            288270       P02  lora-r1  P02U006 PD       0:00      1 (Priority)
            288236       P02 vllm-Qwe  P02U001  R      20:41      2 osk-gpu[54,91]
            288041       P02     test  P02U019  R    1:57:42      1 osk-gpu56
            288026       P02     bash  P02U019  R    2:07:05      1 osk-gpu56
(deepseeksft310) [P02U006@osk-cpu01 ColossalAI]$ squeue
             JOBID PARTITION     NAME     USER ST       TIME  NODES NODELIST(REASON)
            288240       P02 domain_a kan.hata PD       0:00      1 (Resources)
            288236       P02 vllm-Qwe  P02U001  R      21:00      2 osk-gpu[54,91]
            288041       P02     test  P02U019  R    1:58:01      1 osk-gpu56
            288026       P02     bash  P02U019  R    2:07:24      1 osk-gpu56
(deepseeksft310) [P02U006@osk-cpu01 ColossalAI]$ cd logs/
++ date
+ echo '===== ジョブ開始: Fri Jul 25 12:52:06 PM JST 2025 ====='
++ pwd
+ echo 'cwd  = /home/Competition2025/P02/P02U006/ColossalAI'
++ hostname
+ echo 'host = osk-gpu54'
+ echo 'JOB  = 288276'
+ echo 'NODES= osk-gpu54'
+ source /home/Competition2025/P02/P02U006/miniconda3/etc/profile.d/conda.sh
++ export CONDA_EXE=/home/Competition2025/P02/P02U006/miniconda3/bin/conda
++ CONDA_EXE=/home/Competition2025/P02/P02U006/miniconda3/bin/conda
++ export _CE_M=
++ _CE_M=
++ export _CE_CONDA=
++ _CE_CONDA=
++ export CONDA_PYTHON_EXE=/home/Competition2025/P02/P02U006/miniconda3/bin/python
++ CONDA_PYTHON_EXE=/home/Competition2025/P02/P02U006/miniconda3/bin/python
++ '[' -z x ']'
+ conda activate deepseeksft310
+ local cmd=activate
+ case "$cmd" in
+ __conda_activate activate deepseeksft310
+ '[' -n '' ']'
+ local ask_conda
++ PS1=
++ __conda_exe shell.posix activate deepseeksft310
++ '[' -n '' ']'
++ /home/Competition2025/P02/P02U006/miniconda3/bin/conda shell.posix activate deepseeksft310
+ ask_conda='unset _CE_M
unset _CE_CONDA
PS1='\''(deepseeksft310) '\''
export PATH='\''/home/Competition2025/P02/P02U006/miniconda3/envs/deepseeksft310/bin:/home/Competition2025/P02/P02U006/miniconda3/condabin:/home/Competition2025/P02/P02U006/.local/bin:/home/Competition2025/P02/P02U006/bin:/usr/share/Modules/bin:/usr/local/bin:/usr/bin:/usr/local/sbin:/usr/sbin'\''
export CONDA_SHLVL='\''1'\''
export CONDA_PROMPT_MODIFIER='\''(deepseeksft310) '\''
export CONDA_EXE='\''/home/Competition2025/P02/P02U006/miniconda3/bin/conda'\''
export CONDA_PYTHON_EXE='\''/home/Competition2025/P02/P02U006/miniconda3/bin/python'\'''
+ eval 'unset _CE_M
unset _CE_CONDA
PS1='\''(deepseeksft310) '\''
export PATH='\''/home/Competition2025/P02/P02U006/miniconda3/envs/deepseeksft310/bin:/home/Competition2025/P02/P02U006/miniconda3/condabin:/home/Competition2025/P02/P02U006/.local/bin:/home/Competition2025/P02/P02U006/bin:/usr/share/Modules/bin:/usr/local/bin:/usr/bin:/usr/local/sbin:/usr/sbin'\''
export CONDA_SHLVL='\''1'\''
export CONDA_PROMPT_MODIFIER='\''(deepseeksft310) '\''
export CONDA_EXE='\''/home/Competition2025/P02/P02U006/miniconda3/bin/conda'\''
export CONDA_PYTHON_EXE='\''/home/Competition2025/P02/P02U006/miniconda3/bin/python'\'''
++ unset _CE_M
++ unset _CE_CONDA
++ PS1='(deepseeksft310) '
++ export PATH=/home/Competition2025/P02/P02U006/miniconda3/envs/deepseeksft310/bin:/home/Competition
2025/P02/P02U006/miniconda3/condabin:/home/Competition2025/P02/P02U006/.local/bin:/home/Competition20
25/P02/P02U006/bin:/usr/share/Modules/bin:/usr/local/bin:/usr/bin:/usr/local/sbin:/usr/sbin
++ PATH=/home/Competition2025/P02/P02U006/miniconda3/envs/deepseeksft310/bin:/home/Competition2025/P0
2/P02U006/miniconda3/condabin:/home/Competition2025/P02/P02U006/.local/bin:/home/Competition2025/P02/
P02U006/bin:/usr/share/Modules/bin:/usr/local/bin:/usr/bin:/usr/local/sbin:/usr/sbin
++ export CONDA_SHLVL=1
++ CONDA_SHLVL=1
++ export 'CONDA_PROMPT_MODIFIER=(deepseeksft310) '
++ CONDA_PROMPT_MODIFIER='(deepseeksft310) '
++ export CONDA_EXE=/home/Competition2025/P02/P02U006/miniconda3/bin/conda
++ CONDA_EXE=/home/Competition2025/P02/P02U006/miniconda3/bin/conda
++ export CONDA_PYTHON_EXE=/home/Competition2025/P02/P02U006/miniconda3/bin/python
++ CONDA_PYTHON_EXE=/home/Competition2025/P02/P02U006/miniconda3/bin/python
+ __conda_hashr
+ '[' -n '' ']'
+ '[' -n '' ']'
+ hash -r
+ export FLASH_ATTENTION_DISABLE=1
+ FLASH_ATTENTION_DISABLE=1
+ export HF_TRANSFORMERS_CACHE_DISABLE_FLASH_ATTN_2=1
+ HF_TRANSFORMERS_CACHE_DISABLE_FLASH_ATTN_2=1
+ echo FLASH_ATTENTION_DISABLE=1
+ echo HF_TRANSFORMERS_CACHE_DISABLE_FLASH_ATTN_2=1
+ export MASTER_PORT=20276
+ MASTER_PORT=20276
+ srun colossalai run --master_port 20276 --nproc_per_node 1 /home/Competition2025/P02/P02U006/Coloss
alAI/applications/ColossalChat/examples/training_scripts/lora_finetune.py --pretrained /home/Competit
ion2025/P02/shareP02/DeepSeek-R1-0528-BF16 --dataset /home/Competition2025/P02/P02U006/ColossalAI/app
lications/ColossalChat/examples/training_scripts/lora_sft_data.jsonl --plugin zero2 --pp 1 --ep 1 --b
atch_size 1 --lr 2e-5 --max_length 256 --lora_rank 8 --lora_alpha 16 --num_epochs 2 --warmup_steps 10
0 --mixed_precision bf16 --use_grad_checkpoint --tensorboard_dir logs/tb --save_dir DeepSeek-R1-0528-
lora
/home/Competition2025/P02/P02U006/ColossalAI/colossalai/utils/safetensors.py:13: UserWarning: Please
install the latest tensornvme to use async save. pip install git+https://github.com/hpcaitech/TensorN
VMe.git
  warnings.warn(
/home/Competition2025/P02/P02U006/ColossalAI/colossalai/shardformer/layer/normalization.py:48: UserWa
rning: Please install apex from source (https://github.com/NVIDIA/apex) to use the fused RMSNorm kern
el
  warnings.warn("Please install apex from source (https://github.com/NVIDIA/apex) to use the fused RM
SNorm kernel")
/home/Competition2025/P02/P02U006/ColossalAI/colossalai/shardformer/layer/normalization.py:93: UserWa
rning: Please install apex from source (https://github.com/NVIDIA/apex) to use the fused RMSNorm kern
el
  warnings.warn(
(END)
(deepseeksft310) [P02U006@osk-cpu01 logs]$ less lora-r1-288270.err
(deepseeksft310) [P02U006@osk-cpu01 logs]$
(deepseeksft310) [P02U006@osk-cpu01 logs]$ quota -s
df -h $HOME
Filesystem                                                                                 Size  Used Avail Use% Mounted on
192.168.11.201@o2ib:192.168.11.202@o2ib:192.168.12.201@o2ib:192.168.12.202@o2ib:/oskhome1  1.9P  1.2P  661T  65% /home
(deepseeksft310) [P02U006@osk-cpu01 logs]$ sbatch --nodelist=osk-gpu54 --gres=gpu:1 run_lora.sh
===== ジョブ開始: Fri Jul 25 12:52:06 PM JST 2025 =====
cwd  = /home/Competition2025/P02/P02U006/ColossalAI
host = osk-gpu54
JOB  = 288276
NODES= osk-gpu54
FLASH_ATTENTION_DISABLE=1
HF_TRANSFORMERS_CACHE_DISABLE_FLASH_ATTN_2=1
please install Colossal-AI from https://www.colossalai.org/download or from source
please install Colossal-AI from https://www.colossalai.org/download or from source
[07/25/25 12:52:28] INFO     colossalai - colossalai - INFO:
                             /home/Competition2025/P02/P02U006/ColossalAI/coloss
                             alai/initialize.py:75 launch
                    INFO     colossalai - colossalai - INFO: Distributed
                             environment is initialized, world size: 1
Training Info:
Config file: training_config.json
Tensorboard logs: logs/tb
Model checkpoint: DeepSeek-R1-0528-lora
Load dataset: /home/Competition2025/P02/P02U006/ColossalAI/applications/ColossalChat/examples/training_scripts/lora_sft_data.jsonl
Max device memory after data loader: 0.00 MB
lora-r1-288276.out (END)
sbatch: error: Unable to open file run_lora.sh
(deepseeksft310) [P02U006@osk-cpu01 logs]$ CD ..
-bash: CD: command not found
(deepseeksft310) [P02U006@osk-cpu01 logs]$ cd ..
(deepseeksft310) [P02U006@osk-cpu01 ColossalAI]$ sbatch --nodelist=osk-gpu54 --gres=gpu:1 run_lora.sh
Submitted batch job 288276
(deepseeksft310) [P02U006@osk-cpu01 ColossalAI]$ squeue
             JOBID PARTITION     NAME     USER ST       TIME  NODES NODELIST(REASON)
            288240       P02 domain_a kan.hata PD       0:00      1 (Resources)
            288276       P02  lora-r1  P02U006 PD       0:00      1 (Priority)
            288236       P02 vllm-Qwe  P02U001  R      23:46      2 osk-gpu[54,91]
            288041       P02     test  P02U019  R    2:00:47      1 osk-gpu56
            288026       P02     bash  P02U019  R    2:10:10      1 osk-gpu56
(deepseeksft310) [P02U006@osk-cpu01 ColossalAI]$ quota -s
(deepseeksft310) [P02U006@osk-cpu01 ColossalAI]$ df -h $HOME
Filesystem                                                                                 Size  Used Avail Use% Mounted on
192.168.11.201@o2ib:192.168.11.202@o2ib:192.168.12.201@o2ib:192.168.12.202@o2ib:/oskhome1  1.9P  1.2P  661T  65% /home
(deepseeksft310) [P02U006@osk-cpu01 ColossalAI]$ squeue
             JOBID PARTITION     NAME     USER ST       TIME  NODES NODELIST(REASON)
            288240       P02 domain_a kan.hata PD       0:00      1 (Resources)
            288276       P02  lora-r1  P02U006  R       0:38      1 osk-gpu54
            288236       P02 vllm-Qwe  P02U001  R      24:28      2 osk-gpu[54,91]
            288041       P02     test  P02U019  R    2:01:29      1 osk-gpu56
            288026       P02     bash  P02U019  R    2:10:52      1 osk-gpu56
(deepseeksft310) [P02U006@osk-cpu01 ColossalAI]$ squeue
             JOBID PARTITION     NAME     USER ST       TIME  NODES NODELIST(REASON)
            288240       P02 domain_a kan.hata PD       0:00      1 (Resources)
            288276       P02  lora-r1  P02U006  R       0:44      1 osk-gpu54
            288236       P02 vllm-Qwe  P02U001  R      24:34      2 osk-gpu[54,91]
            288041       P02     test  P02U019  R    2:01:35      1 osk-gpu56
            288026       P02     bash  P02U019  R    2:10:58      1 osk-gpu56
(deepseeksft310) [P02U006@osk-cpu01 ColossalAI]$ cd logs
(deepseeksft310) [P02U006@osk-cpu01 logs]$ squeue
             JOBID PARTITION     NAME     USER ST       TIME  NODES NODELIST(REASON)
            288240       P02 domain_a kan.hata PD       0:00      1 (Resources)
            288276       P02  lora-r1  P02U006  R       1:16      1 osk-gpu54
            288236       P02 vllm-Qwe  P02U001  R      25:06      2 osk-gpu[54,91]
            288041       P02     test  P02U019  R    2:02:07      1 osk-gpu56
            288026       P02     bash  P02U019  R    2:11:30      1 osk-gpu56
(deepseeksft310) [P02U006@osk-cpu01 logs]$ less lora-r1-288276.err
(deepseeksft310) [P02U006@osk-cpu01 logs]$
(deepseeksft310) [P02U006@osk-cpu01 logs]$ squeue
             JOBID PARTITION     NAME     USER ST       TIME  NODES NODELIST(REASON)
            288240       P02 domain_a kan.hata PD       0:00      1 (Resources)
            288276       P02  lora-r1  P02U006  R       5:57      1 osk-gpu54
            288236       P02 vllm-Qwe  P02U001  R      29:47      2 osk-gpu[54,91]
            288041       P02     test  P02U019  R    2:06:48      1 osk-gpu56
            288026       P02     bash  P02U019  R    2:16:11      1 osk-gpu56
(deepseeksft310) [P02U006@osk-cpu01 logs]$ less lora-r1-288276.out
(deepseeksft310) [P02U006@osk-cpu01 logs]$
(deepseeksft310) [P02U006@osk-cpu01 logs]$ scancel 288276
(deepseeksft310) [P02U006@osk-cpu01 logs]$ squeue
             JOBID PARTITION     NAME     USER ST       TIME  NODES NODELIST(REASON)
            288276       P02  lora-r1  P02U006 CG       7:42      1 osk-gpu54
            288240       P02 domain_a kan.hata PD       0:00      1 (Resources)
            288236       P02 vllm-Qwe  P02U001  R      31:34      2 osk-gpu[54,91]
            288041       P02     test  P02U019  R    2:08:35      1 osk-gpu56
            288026       P02     bash  P02U019  R    2:17:58      1 osk-gpu56
(deepseeksft310) [P02U006@osk-cpu01 logs]$ squeue
             JOBID PARTITION     NAME     USER ST       TIME  NODES NODELIST(REASON)
            288240       P02 domain_a kan.hata PD       0:00      1 (Resources)
            288236       P02 vllm-Qwe  P02U001  R      31:43      2 osk-gpu[54,91]
            288041       P02     test  P02U019  R    2:08:44      1 osk-gpu56
            288026       P02     bash  P02U019  R    2:18:07      1 osk-gpu56
(deepseeksft310) [P02U006@osk-cpu01 logs]$ Read from remote host 10.255.255.101: Operation timed out
Connection to 10.255.255.101 closed.
client_loop: send disconnect: Broken pipe
hongohayato@hongousatsuhitononotobukkukonpyuta ~ % ssh -i ~/.ssh/id_ed25519 P02U006@10.255.255.101
Last login: Fri Jul 25 12:32:30 2025 from 100.113.255.12
(llm2025compet) [P02U006@osk-cpu01 ~]$ deactivate
[P02U006@osk-cpu01 ~]$ squeue
             JOBID PARTITION     NAME     USER ST       TIME  NODES NODELIST(REASON)
            288396       P02 domain_a kan.hata PD       0:00      1 (Resources)
            288383       P02 domain_a kan.hata  R      11:18      1 osk-gpu56
            288379       P02 vllm-Qwe  P02U001  R      16:23      2 osk-gpu[54,91]
[P02U006@osk-cpu01 ~]$ squeue
             JOBID PARTITION     NAME     USER ST       TIME  NODES NODELIST(REASON)
            288440       P02 vllm-Qwe  P02U001  R       0:50      2 osk-gpu[54,91]
            288383       P02 domain_a kan.hata  R      19:03      1 osk-gpu56
[P02U006@osk-cpu01 ~]$