++ date
+ echo '===== ジョブ開始: Fri Jul 25 08:22:41 PM JST 2025 ====='
++ pwd
+ echo 'cwd  = /home/Competition2025/P02/P02U006/ColossalAI'
++ hostname
+ echo 'host = osk-gpu54'
+ echo 'JOB  = 289431'
+ echo 'NODES= osk-gpu[54,56,91]'
+ source /home/Competition2025/P02/P02U006/miniconda3/etc/profile.d/conda.sh
++ export CONDA_EXE=/home/Competition2025/P02/P02U006/miniconda3/bin/conda
++ CONDA_EXE=/home/Competition2025/P02/P02U006/miniconda3/bin/conda
++ export _CE_M=
++ _CE_M=
++ export _CE_CONDA=
++ _CE_CONDA=
++ export CONDA_PYTHON_EXE=/home/Competition2025/P02/P02U006/miniconda3/bin/python
++ CONDA_PYTHON_EXE=/home/Competition2025/P02/P02U006/miniconda3/bin/python
++ '[' -z x ']'
+ conda activate deepseeksft310
+ local cmd=activate
+ case "$cmd" in
+ __conda_activate activate deepseeksft310
+ '[' -n '' ']'
+ local ask_conda
++ PS1=
++ __conda_exe shell.posix activate deepseeksft310
++ '[' -n '' ']'
++ /home/Competition2025/P02/P02U006/miniconda3/bin/conda shell.posix activate deepseeksft310
+ ask_conda='unset _CE_M
unset _CE_CONDA
PS1='\''(deepseeksft310) '\''
export PATH='\''/home/Competition2025/P02/P02U006/miniconda3/envs/deepseeksft310/bin:/home/Competition2025/P02/P02U006/miniconda3/condabin:/home/Competition2025/P02/P02U006/.local/bin:/home/Competition2025/P02/P02U006/bin:/usr/share/Modules/bin:/usr/local/bin:/usr/bin:/usr/local/sbin:/usr/sbin'\''
export CONDA_SHLVL='\''1'\''
export CONDA_PROMPT_MODIFIER='\''(deepseeksft310) '\''
export CONDA_EXE='\''/home/Competition2025/P02/P02U006/miniconda3/bin/conda'\''
export CONDA_PYTHON_EXE='\''/home/Competition2025/P02/P02U006/miniconda3/bin/python'\'''
+ eval 'unset _CE_M
unset _CE_CONDA
PS1='\''(deepseeksft310) '\''
export PATH='\''/home/Competition2025/P02/P02U006/miniconda3/envs/deepseeksft310/bin:/home/Competition2025/P02/P02U006/miniconda3/condabin:/home/Competition2025/P02/P02U006/.local/bin:/home/Competition2025/P02/P02U006/bin:/usr/share/Modules/bin:/usr/local/bin:/usr/bin:/usr/local/sbin:/usr/sbin'\''
export CONDA_SHLVL='\''1'\''
export CONDA_PROMPT_MODIFIER='\''(deepseeksft310) '\''
export CONDA_EXE='\''/home/Competition2025/P02/P02U006/miniconda3/bin/conda'\''
export CONDA_PYTHON_EXE='\''/home/Competition2025/P02/P02U006/miniconda3/bin/python'\'''
++ unset _CE_M
++ unset _CE_CONDA
++ PS1='(deepseeksft310) '
++ export PATH=/home/Competition2025/P02/P02U006/miniconda3/envs/deepseeksft310/bin:/home/Competition2025/P02/P02U006/miniconda3/condabin:/home/Competition2025/P02/P02U006/.local/bin:/home/Competition2025/P02/P02U006/bin:/usr/share/Modules/bin:/usr/local/bin:/usr/bin:/usr/local/sbin:/usr/sbin
++ PATH=/home/Competition2025/P02/P02U006/miniconda3/envs/deepseeksft310/bin:/home/Competition2025/P02/P02U006/miniconda3/condabin:/home/Competition2025/P02/P02U006/.local/bin:/home/Competition2025/P02/P02U006/bin:/usr/share/Modules/bin:/usr/local/bin:/usr/bin:/usr/local/sbin:/usr/sbin
++ export CONDA_SHLVL=1
++ CONDA_SHLVL=1
++ export 'CONDA_PROMPT_MODIFIER=(deepseeksft310) '
++ CONDA_PROMPT_MODIFIER='(deepseeksft310) '
++ export CONDA_EXE=/home/Competition2025/P02/P02U006/miniconda3/bin/conda
++ CONDA_EXE=/home/Competition2025/P02/P02U006/miniconda3/bin/conda
++ export CONDA_PYTHON_EXE=/home/Competition2025/P02/P02U006/miniconda3/bin/python
++ CONDA_PYTHON_EXE=/home/Competition2025/P02/P02U006/miniconda3/bin/python
+ __conda_hashr
+ '[' -n '' ']'
+ '[' -n '' ']'
+ hash -r
+ export FLASH_ATTENTION_DISABLE=1
+ FLASH_ATTENTION_DISABLE=1
+ export HF_TRANSFORMERS_CACHE_DISABLE_FLASH_ATTN_2=1
+ HF_TRANSFORMERS_CACHE_DISABLE_FLASH_ATTN_2=1
+ echo FLASH_ATTENTION_DISABLE=1
+ echo HF_TRANSFORMERS_CACHE_DISABLE_FLASH_ATTN_2=1
+ export MASTER_PORT=21431
+ MASTER_PORT=21431
+ srun colossalai run --master_port 21431 --nproc_per_node 8 /home/Competition2025/P02/P02U006/ColossalAI/applications/ColossalChat/examples/training_scripts/lora_finetune.py --pretrained /home/Competition2025/P02/shareP02/DeepSeek-R1-0528-BF16 --dataset /home/Competition2025/P02/shareP02/hci_colossalai_deepseekr10528_lorasft.jsonl --plugin zero2 --pp 3 --ep 8 --batch_size 8 --lr 2e-5 --max_length 256 --lora_rank 8 --lora_alpha 16 --num_epochs 2 --warmup_steps 100 --mixed_precision bf16 --use_grad_checkpoint --tensorboard_dir logs/tb --save_dir DeepSeek-R1-0528-lora
W0725 20:22:46.774000 23302395847744 torch/distributed/run.py:779] 
W0725 20:22:46.774000 23302395847744 torch/distributed/run.py:779] *****************************************
W0725 20:22:46.774000 23302395847744 torch/distributed/run.py:779] Setting OMP_NUM_THREADS environment variable for each process to be 1 in default, to avoid your system being overloaded, please further tune the variable for optimal performance in your application as needed. 
W0725 20:22:46.774000 23302395847744 torch/distributed/run.py:779] *****************************************
W0725 20:22:46.841000 23363713819712 torch/distributed/run.py:779] 
W0725 20:22:46.841000 23363713819712 torch/distributed/run.py:779] *****************************************
W0725 20:22:46.841000 23363713819712 torch/distributed/run.py:779] Setting OMP_NUM_THREADS environment variable for each process to be 1 in default, to avoid your system being overloaded, please further tune the variable for optimal performance in your application as needed. 
W0725 20:22:46.841000 23363713819712 torch/distributed/run.py:779] *****************************************
Error processing line 1 of /home/Competition2025/P02/P02U006/miniconda3/envs/deepseeksft310/lib/python3.10/site-packages/distutils-precedence.pth:

Fatal Python error: init_import_site: Failed to import the site module
Python runtime state: initialized
Traceback (most recent call last):
  File "/home/Competition2025/P02/P02U006/miniconda3/envs/deepseeksft310/lib/python3.10/site.py", line 195, in addpackage
    exec(line)
  File "<string>", line 1, in <module>
  File "<frozen importlib._bootstrap>", line 1027, in _find_and_load
  File "<frozen importlib._bootstrap>", line 1006, in _find_and_load_unlocked
  File "<frozen importlib._bootstrap>", line 688, in _load_unlocked
  File "<frozen importlib._bootstrap_external>", line 879, in exec_module
  File "<frozen importlib._bootstrap_external>", line 975, in get_code
  File "<frozen importlib._bootstrap_external>", line 1073, in get_data
MemoryError

During handling of the above exception, another exception occurred:

Traceback (most recent call last):
  File "/home/Competition2025/P02/P02U006/miniconda3/envs/deepseeksft310/lib/python3.10/site.py", line 627, in <module>
    main()
  File "/home/Competition2025/P02/P02U006/miniconda3/envs/deepseeksft310/lib/python3.10/site.py", line 614, in main
    known_paths = addsitepackages(known_paths)
  File "/home/Competition2025/P02/P02U006/miniconda3/envs/deepseeksft310/lib/python3.10/site.py", line 397, in addsitepackages
    addsitedir(sitedir, known_paths)
  File "/home/Competition2025/P02/P02U006/miniconda3/envs/deepseeksft310/lib/python3.10/site.py", line 236, in addsitedir
    addpackage(sitedir, name, known_paths)
  File "/home/Competition2025/P02/P02U006/miniconda3/envs/deepseeksft310/lib/python3.10/site.py", line 205, in addpackage
    import traceback
  File "<frozen importlib._bootstrap>", line 1027, in _find_and_load
  File "<frozen importlib._bootstrap>", line 1006, in _find_and_load_unlocked
  File "<frozen importlib._bootstrap>", line 688, in _load_unlocked
  File "<frozen importlib._bootstrap_external>", line 879, in exec_module
  File "<frozen importlib._bootstrap_external>", line 975, in get_code
  File "<frozen importlib._bootstrap_external>", line 1073, in get_data
MemoryError
W0725 20:22:47.021000 23363713819712 torch/distributed/elastic/multiprocessing/api.py:858] Sending process 797684 closing signal SIGTERM
W0725 20:22:47.021000 23363713819712 torch/distributed/elastic/multiprocessing/api.py:858] Sending process 797685 closing signal SIGTERM
W0725 20:22:47.021000 23363713819712 torch/distributed/elastic/multiprocessing/api.py:858] Sending process 797686 closing signal SIGTERM
W0725 20:22:47.021000 23363713819712 torch/distributed/elastic/multiprocessing/api.py:858] Sending process 797687 closing signal SIGTERM
W0725 20:22:47.021000 23363713819712 torch/distributed/elastic/multiprocessing/api.py:858] Sending process 797689 closing signal SIGTERM
W0725 20:22:47.022000 23363713819712 torch/distributed/elastic/multiprocessing/api.py:858] Sending process 797690 closing signal SIGTERM
W0725 20:22:47.022000 23363713819712 torch/distributed/elastic/multiprocessing/api.py:858] Sending process 797691 closing signal SIGTERM
E0725 20:22:47.031000 23363713819712 torch/distributed/elastic/multiprocessing/api.py:833] failed (exitcode: 1) local_rank: 4 (pid: 797688) of binary: /home/Competition2025/P02/P02U006/miniconda3/envs/deepseeksft310/bin/python3.10
Traceback (most recent call last):
  File "/home/Competition2025/P02/P02U006/miniconda3/envs/deepseeksft310/bin/torchrun", line 8, in <module>
    sys.exit(main())
  File "/home/Competition2025/P02/P02U006/miniconda3/envs/deepseeksft310/lib/python3.10/site-packages/torch/distributed/elastic/multiprocessing/errors/__init__.py", line 348, in wrapper
    return f(*args, **kwargs)
  File "/home/Competition2025/P02/P02U006/miniconda3/envs/deepseeksft310/lib/python3.10/site-packages/torch/distributed/run.py", line 901, in main
    run(args)
  File "/home/Competition2025/P02/P02U006/miniconda3/envs/deepseeksft310/lib/python3.10/site-packages/torch/distributed/run.py", line 892, in run
    elastic_launch(
  File "/home/Competition2025/P02/P02U006/miniconda3/envs/deepseeksft310/lib/python3.10/site-packages/torch/distributed/launcher/api.py", line 133, in __call__
    return launch_agent(self._config, self._entrypoint, list(args))
  File "/home/Competition2025/P02/P02U006/miniconda3/envs/deepseeksft310/lib/python3.10/site-packages/torch/distributed/launcher/api.py", line 264, in launch_agent
    raise ChildFailedError(
torch.distributed.elastic.multiprocessing.errors.ChildFailedError: 
============================================================
/home/Competition2025/P02/P02U006/ColossalAI/applications/ColossalChat/examples/training_scripts/lora_finetune.py FAILED
------------------------------------------------------------
Failures:
  <NO_OTHER_FAILURES>
------------------------------------------------------------
Root Cause (first observed failure):
[0]:
  time      : 2025-07-25_20:22:47
  host      : osk-gpu91
  rank      : 4 (local_rank: 4)
  exitcode  : 1 (pid: 797688)
  error_file: <N/A>
  traceback : To enable traceback see: https://pytorch.org/docs/stable/elastic/errors.html
============================================================
srun: error: osk-gpu91: task 2: Exited with exit code 1
W0725 20:22:48.093000 23094330623040 torch/distributed/run.py:779] 
W0725 20:22:48.093000 23094330623040 torch/distributed/run.py:779] *****************************************
W0725 20:22:48.093000 23094330623040 torch/distributed/run.py:779] Setting OMP_NUM_THREADS environment variable for each process to be 1 in default, to avoid your system being overloaded, please further tune the variable for optimal performance in your application as needed. 
W0725 20:22:48.093000 23094330623040 torch/distributed/run.py:779] *****************************************
/home/Competition2025/P02/P02U006/ColossalAI/colossalai/utils/safetensors.py:13: UserWarning: Please install the latest tensornvme to use async save. pip install git+https://github.com/hpcaitech/TensorNVMe.git
  warnings.warn(
/home/Competition2025/P02/P02U006/ColossalAI/colossalai/utils/safetensors.py:13: UserWarning: Please install the latest tensornvme to use async save. pip install git+https://github.com/hpcaitech/TensorNVMe.git
  warnings.warn(
/home/Competition2025/P02/P02U006/ColossalAI/colossalai/utils/safetensors.py:13: UserWarning: Please install the latest tensornvme to use async save. pip install git+https://github.com/hpcaitech/TensorNVMe.git
  warnings.warn(
/home/Competition2025/P02/P02U006/ColossalAI/colossalai/utils/safetensors.py:13: UserWarning: Please install the latest tensornvme to use async save. pip install git+https://github.com/hpcaitech/TensorNVMe.git
  warnings.warn(
/home/Competition2025/P02/P02U006/ColossalAI/colossalai/utils/safetensors.py:13: UserWarning: Please install the latest tensornvme to use async save. pip install git+https://github.com/hpcaitech/TensorNVMe.git
  warnings.warn(
/home/Competition2025/P02/P02U006/ColossalAI/colossalai/utils/safetensors.py:13: UserWarning: Please install the latest tensornvme to use async save. pip install git+https://github.com/hpcaitech/TensorNVMe.git
  warnings.warn(
/home/Competition2025/P02/P02U006/ColossalAI/colossalai/utils/safetensors.py:13: UserWarning: Please install the latest tensornvme to use async save. pip install git+https://github.com/hpcaitech/TensorNVMe.git
  warnings.warn(
/home/Competition2025/P02/P02U006/ColossalAI/colossalai/utils/safetensors.py:13: UserWarning: Please install the latest tensornvme to use async save. pip install git+https://github.com/hpcaitech/TensorNVMe.git
  warnings.warn(
/home/Competition2025/P02/P02U006/ColossalAI/colossalai/utils/safetensors.py:13: UserWarning: Please install the latest tensornvme to use async save. pip install git+https://github.com/hpcaitech/TensorNVMe.git
  warnings.warn(
/home/Competition2025/P02/P02U006/ColossalAI/colossalai/utils/safetensors.py:13: UserWarning: Please install the latest tensornvme to use async save. pip install git+https://github.com/hpcaitech/TensorNVMe.git
  warnings.warn(
/home/Competition2025/P02/P02U006/ColossalAI/colossalai/utils/safetensors.py:13: UserWarning: Please install the latest tensornvme to use async save. pip install git+https://github.com/hpcaitech/TensorNVMe.git
  warnings.warn(
/home/Competition2025/P02/P02U006/ColossalAI/colossalai/utils/safetensors.py:13: UserWarning: Please install the latest tensornvme to use async save. pip install git+https://github.com/hpcaitech/TensorNVMe.git
  warnings.warn(
/home/Competition2025/P02/P02U006/ColossalAI/colossalai/utils/safetensors.py:13: UserWarning: Please install the latest tensornvme to use async save. pip install git+https://github.com/hpcaitech/TensorNVMe.git
  warnings.warn(
/home/Competition2025/P02/P02U006/ColossalAI/colossalai/utils/safetensors.py:13: UserWarning: Please install the latest tensornvme to use async save. pip install git+https://github.com/hpcaitech/TensorNVMe.git
  warnings.warn(
/home/Competition2025/P02/P02U006/ColossalAI/colossalai/utils/safetensors.py:13: UserWarning: Please install the latest tensornvme to use async save. pip install git+https://github.com/hpcaitech/TensorNVMe.git
  warnings.warn(
/home/Competition2025/P02/P02U006/ColossalAI/colossalai/utils/safetensors.py:13: UserWarning: Please install the latest tensornvme to use async save. pip install git+https://github.com/hpcaitech/TensorNVMe.git
  warnings.warn(
/home/Competition2025/P02/P02U006/ColossalAI/colossalai/shardformer/layer/normalization.py:48: UserWarning: Please install apex from source (https://github.com/NVIDIA/apex) to use the fused RMSNorm kernel
  warnings.warn("Please install apex from source (https://github.com/NVIDIA/apex) to use the fused RMSNorm kernel")
/home/Competition2025/P02/P02U006/ColossalAI/colossalai/shardformer/layer/normalization.py:93: UserWarning: Please install apex from source (https://github.com/NVIDIA/apex) to use the fused RMSNorm kernel
  warnings.warn(
/home/Competition2025/P02/P02U006/ColossalAI/colossalai/shardformer/layer/normalization.py:48: UserWarning: Please install apex from source (https://github.com/NVIDIA/apex) to use the fused RMSNorm kernel
  warnings.warn("Please install apex from source (https://github.com/NVIDIA/apex) to use the fused RMSNorm kernel")
/home/Competition2025/P02/P02U006/ColossalAI/colossalai/shardformer/layer/normalization.py:93: UserWarning: Please install apex from source (https://github.com/NVIDIA/apex) to use the fused RMSNorm kernel
  warnings.warn(
/home/Competition2025/P02/P02U006/ColossalAI/colossalai/shardformer/layer/normalization.py:48: UserWarning: Please install apex from source (https://github.com/NVIDIA/apex) to use the fused RMSNorm kernel
  warnings.warn("Please install apex from source (https://github.com/NVIDIA/apex) to use the fused RMSNorm kernel")
/home/Competition2025/P02/P02U006/ColossalAI/colossalai/shardformer/layer/normalization.py:93: UserWarning: Please install apex from source (https://github.com/NVIDIA/apex) to use the fused RMSNorm kernel
  warnings.warn(
/home/Competition2025/P02/P02U006/ColossalAI/colossalai/shardformer/layer/normalization.py:48: UserWarning: Please install apex from source (https://github.com/NVIDIA/apex) to use the fused RMSNorm kernel
  warnings.warn("Please install apex from source (https://github.com/NVIDIA/apex) to use the fused RMSNorm kernel")
/home/Competition2025/P02/P02U006/ColossalAI/colossalai/shardformer/layer/normalization.py:93: UserWarning: Please install apex from source (https://github.com/NVIDIA/apex) to use the fused RMSNorm kernel
  warnings.warn(
/home/Competition2025/P02/P02U006/ColossalAI/colossalai/shardformer/layer/normalization.py:48: UserWarning: Please install apex from source (https://github.com/NVIDIA/apex) to use the fused RMSNorm kernel
  warnings.warn("Please install apex from source (https://github.com/NVIDIA/apex) to use the fused RMSNorm kernel")
/home/Competition2025/P02/P02U006/ColossalAI/colossalai/shardformer/layer/normalization.py:93: UserWarning: Please install apex from source (https://github.com/NVIDIA/apex) to use the fused RMSNorm kernel
  warnings.warn(
/home/Competition2025/P02/P02U006/ColossalAI/colossalai/shardformer/layer/normalization.py:48: UserWarning: Please install apex from source (https://github.com/NVIDIA/apex) to use the fused RMSNorm kernel
  warnings.warn("Please install apex from source (https://github.com/NVIDIA/apex) to use the fused RMSNorm kernel")
/home/Competition2025/P02/P02U006/ColossalAI/colossalai/shardformer/layer/normalization.py:93: UserWarning: Please install apex from source (https://github.com/NVIDIA/apex) to use the fused RMSNorm kernel
  warnings.warn(
/home/Competition2025/P02/P02U006/ColossalAI/colossalai/shardformer/layer/normalization.py:48: UserWarning: Please install apex from source (https://github.com/NVIDIA/apex) to use the fused RMSNorm kernel
  warnings.warn("Please install apex from source (https://github.com/NVIDIA/apex) to use the fused RMSNorm kernel")
/home/Competition2025/P02/P02U006/ColossalAI/colossalai/shardformer/layer/normalization.py:93: UserWarning: Please install apex from source (https://github.com/NVIDIA/apex) to use the fused RMSNorm kernel
  warnings.warn(
/home/Competition2025/P02/P02U006/ColossalAI/colossalai/shardformer/layer/normalization.py:48: UserWarning: Please install apex from source (https://github.com/NVIDIA/apex) to use the fused RMSNorm kernel
  warnings.warn("Please install apex from source (https://github.com/NVIDIA/apex) to use the fused RMSNorm kernel")
/home/Competition2025/P02/P02U006/ColossalAI/colossalai/shardformer/layer/normalization.py:93: UserWarning: Please install apex from source (https://github.com/NVIDIA/apex) to use the fused RMSNorm kernel
  warnings.warn(
/home/Competition2025/P02/P02U006/ColossalAI/colossalai/shardformer/layer/normalization.py:48: UserWarning: Please install apex from source (https://github.com/NVIDIA/apex) to use the fused RMSNorm kernel
  warnings.warn("Please install apex from source (https://github.com/NVIDIA/apex) to use the fused RMSNorm kernel")
/home/Competition2025/P02/P02U006/ColossalAI/colossalai/shardformer/layer/normalization.py:93: UserWarning: Please install apex from source (https://github.com/NVIDIA/apex) to use the fused RMSNorm kernel
  warnings.warn(
/home/Competition2025/P02/P02U006/ColossalAI/colossalai/shardformer/layer/normalization.py:48: UserWarning: Please install apex from source (https://github.com/NVIDIA/apex) to use the fused RMSNorm kernel
  warnings.warn("Please install apex from source (https://github.com/NVIDIA/apex) to use the fused RMSNorm kernel")
/home/Competition2025/P02/P02U006/ColossalAI/colossalai/shardformer/layer/normalization.py:93: UserWarning: Please install apex from source (https://github.com/NVIDIA/apex) to use the fused RMSNorm kernel
  warnings.warn(
/home/Competition2025/P02/P02U006/ColossalAI/colossalai/shardformer/layer/normalization.py:48: UserWarning: Please install apex from source (https://github.com/NVIDIA/apex) to use the fused RMSNorm kernel
  warnings.warn("Please install apex from source (https://github.com/NVIDIA/apex) to use the fused RMSNorm kernel")
/home/Competition2025/P02/P02U006/ColossalAI/colossalai/shardformer/layer/normalization.py:93: UserWarning: Please install apex from source (https://github.com/NVIDIA/apex) to use the fused RMSNorm kernel
  warnings.warn(
/home/Competition2025/P02/P02U006/ColossalAI/colossalai/shardformer/layer/normalization.py:48: UserWarning: Please install apex from source (https://github.com/NVIDIA/apex) to use the fused RMSNorm kernel
  warnings.warn("Please install apex from source (https://github.com/NVIDIA/apex) to use the fused RMSNorm kernel")
/home/Competition2025/P02/P02U006/ColossalAI/colossalai/shardformer/layer/normalization.py:93: UserWarning: Please install apex from source (https://github.com/NVIDIA/apex) to use the fused RMSNorm kernel
  warnings.warn(
/home/Competition2025/P02/P02U006/ColossalAI/colossalai/shardformer/layer/normalization.py:48: UserWarning: Please install apex from source (https://github.com/NVIDIA/apex) to use the fused RMSNorm kernel
  warnings.warn("Please install apex from source (https://github.com/NVIDIA/apex) to use the fused RMSNorm kernel")
/home/Competition2025/P02/P02U006/ColossalAI/colossalai/shardformer/layer/normalization.py:93: UserWarning: Please install apex from source (https://github.com/NVIDIA/apex) to use the fused RMSNorm kernel
  warnings.warn(
/home/Competition2025/P02/P02U006/ColossalAI/colossalai/shardformer/layer/normalization.py:48: UserWarning: Please install apex from source (https://github.com/NVIDIA/apex) to use the fused RMSNorm kernel
  warnings.warn("Please install apex from source (https://github.com/NVIDIA/apex) to use the fused RMSNorm kernel")
/home/Competition2025/P02/P02U006/ColossalAI/colossalai/shardformer/layer/normalization.py:93: UserWarning: Please install apex from source (https://github.com/NVIDIA/apex) to use the fused RMSNorm kernel
  warnings.warn(
/home/Competition2025/P02/P02U006/ColossalAI/colossalai/shardformer/layer/normalization.py:48: UserWarning: Please install apex from source (https://github.com/NVIDIA/apex) to use the fused RMSNorm kernel
  warnings.warn("Please install apex from source (https://github.com/NVIDIA/apex) to use the fused RMSNorm kernel")
/home/Competition2025/P02/P02U006/ColossalAI/colossalai/shardformer/layer/normalization.py:93: UserWarning: Please install apex from source (https://github.com/NVIDIA/apex) to use the fused RMSNorm kernel
  warnings.warn(
/home/Competition2025/P02/P02U006/ColossalAI/colossalai/shardformer/layer/normalization.py:48: UserWarning: Please install apex from source (https://github.com/NVIDIA/apex) to use the fused RMSNorm kernel
  warnings.warn("Please install apex from source (https://github.com/NVIDIA/apex) to use the fused RMSNorm kernel")
/home/Competition2025/P02/P02U006/ColossalAI/colossalai/shardformer/layer/normalization.py:93: UserWarning: Please install apex from source (https://github.com/NVIDIA/apex) to use the fused RMSNorm kernel
  warnings.warn(
srun: Job step aborted: Waiting up to 32 seconds for job step to finish.
slurmstepd: error: *** JOB 289431 ON osk-gpu54 CANCELLED AT 2025-07-25T20:25:20 ***
slurmstepd: error: *** STEP 289431.0 ON osk-gpu54 CANCELLED AT 2025-07-25T20:25:20 ***
